<?xml version="1.0" encoding="UTF-8"?>
<Site BuildName="(empty)"
	BuildStamp="20231113-2343-Experimental"
	Name="aida2"
	Generator="ctest-3.22.1"
	CompilerName="/usr/bin/c++"
	CompilerVersion="11.4.0"
	OSName="Linux"
	Hostname="aida2"
	OSRelease="6.2.0-36-generic"
	OSVersion="#37~22.04.1-Ubuntu SMP PREEMPT_DYNAMIC Mon Oct  9 15:34:04 UTC 2"
	OSPlatform="x86_64"
	Is64Bits="1"
	VendorString="AuthenticAMD"
	VendorID="Advanced Micro Devices"
	FamilyID="25"
	ModelID="97"
	ProcessorCacheSize="1024"
	NumberOfLogicalCPU="24"
	NumberOfPhysicalCPU="12"
	TotalVirtualMemory="2047"
	TotalPhysicalMemory="31652"
	LogicalProcessorsPerPhysical="2"
	ProcessorClockFrequency="2711.19"
	>
	<Testing>
		<StartDateTime>Nov 14 00:55 CET</StartDateTime>
		<StartTestTime>1699919706</StartTestTime>
		<TestList/>
		<EndDateTime>Nov 14 00:55 CET</EndDateTime>
		<EndTestTime>1699919706</EndTestTime>
		<ElapsedMinutes>0</ElapsedMinutes>
	</Testing>
</Site>
